This is pdfTeX, Version 3.1415926-2.5-1.40.14 (TeX Live 2013/Debian) (format=pdflatex 2014.3.26)  4 APR 2014 18:58
entering extended mode
 restricted \write18 enabled.
 %&-line parsing enabled.
**chunk6.tex
(./chunk6.tex
LaTeX2e <2011/06/27>
Babel <3.9f> and hyphenation patterns for 2 languages loaded.

! LaTeX Error: Environment knitrout undefined.

See the LaTeX manual or LaTeX Companion for explanation.
Type  H <return>  for immediate help.
 ...                                              
                                                  
l.2 \begin{knitrout}
                    
Your command was ignored.
Type  I <command> <return>  to replace it with another command,
or  <return>  to continue without it.

! Undefined control sequence.
l.3 \definecolor
                {shadecolor}{rgb}{0.969, 0.969, 0.969}\color{fgcolor}\begin{...
The control sequence at the end of the top line
of your error message was never \def'ed. If you have
misspelled it (e.g., `\hobx'), type `I' and the correct
spelling (e.g., `I\hbox'). Otherwise just continue,
and I'll forget about whatever was undefined.


! LaTeX Error: Missing \begin{document}.

See the LaTeX manual or LaTeX Companion for explanation.
Type  H <return>  for immediate help.
 ...                                              
                                                  
l.3 \definecolor{s
                  hadecolor}{rgb}{0.969, 0.969, 0.969}\color{fgcolor}\begin{...

You're in trouble here.  Try typing  <return>  to proceed.
If that doesn't work, type  X <return>  to quit.

Missing character: There is no s in font nullfont!
Missing character: There is no h in font nullfont!
Missing character: There is no a in font nullfont!
Missing character: There is no d in font nullfont!
Missing character: There is no e in font nullfont!
Missing character: There is no c in font nullfont!
Missing character: There is no o in font nullfont!
Missing character: There is no l in font nullfont!
Missing character: There is no o in font nullfont!
Missing character: There is no r in font nullfont!
Missing character: There is no r in font nullfont!
Missing character: There is no g in font nullfont!
Missing character: There is no b in font nullfont!
Missing character: There is no 0 in font nullfont!
Missing character: There is no . in font nullfont!
Missing character: There is no 9 in font nullfont!
Missing character: There is no 6 in font nullfont!
Missing character: There is no 9 in font nullfont!
Missing character: There is no , in font nullfont!
Missing character: There is no 0 in font nullfont!
Missing character: There is no . in font nullfont!
Missing character: There is no 9 in font nullfont!
Missing character: There is no 6 in font nullfont!
Missing character: There is no 9 in font nullfont!
Missing character: There is no , in font nullfont!
Missing character: There is no 0 in font nullfont!
Missing character: There is no . in font nullfont!
Missing character: There is no 9 in font nullfont!
Missing character: There is no 6 in font nullfont!
Missing character: There is no 9 in font nullfont!
! Undefined control sequence.
l.3 ...shadecolor}{rgb}{0.969, 0.969, 0.969}\color
                                                  {fgcolor}\begin{kframe}
The control sequence at the end of the top line
of your error message was never \def'ed. If you have
misspelled it (e.g., `\hobx'), type `I' and the correct
spelling (e.g., `I\hbox'). Otherwise just continue,
and I'll forget about whatever was undefined.

Missing character: There is no f in font nullfont!
Missing character: There is no g in font nullfont!
Missing character: There is no c in font nullfont!
Missing character: There is no o in font nullfont!
Missing character: There is no l in font nullfont!
Missing character: There is no o in font nullfont!
Missing character: There is no r in font nullfont!

! LaTeX Error: Environment kframe undefined.

See the LaTeX manual or LaTeX Companion for explanation.
Type  H <return>  for immediate help.
 ...                                              
                                                  
l.3 ... 0.969, 0.969}\color{fgcolor}\begin{kframe}
                                                  
Your command was ignored.
Type  I <command> <return>  to replace it with another command,
or  <return>  to continue without it.


! LaTeX Error: Environment alltt undefined.

See the LaTeX manual or LaTeX Companion for explanation.
Type  H <return>  for immediate help.
 ...                                              
                                                  
l.4 \begin{alltt}
                 
Your command was ignored.
Type  I <command> <return>  to replace it with another command,
or  <return>  to continue without it.

! Undefined control sequence.
l.5 \hlkwd
          {library}\hlstd{(RAppArmor)}
The control sequence at the end of the top line
of your error message was never \def'ed. If you have
misspelled it (e.g., `\hobx'), type `I' and the correct
spelling (e.g., `I\hbox'). Otherwise just continue,
and I'll forget about whatever was undefined.

Missing character: There is no l in font nullfont!
Missing character: There is no i in font nullfont!
Missing character: There is no b in font nullfont!
Missing character: There is no r in font nullfont!
Missing character: There is no a in font nullfont!
Missing character: There is no r in font nullfont!
Missing character: There is no y in font nullfont!
! Undefined control sequence.
l.5 \hlkwd{library}\hlstd
                         {(RAppArmor)}
The control sequence at the end of the top line
of your error message was never \def'ed. If you have
misspelled it (e.g., `\hobx'), type `I' and the correct
spelling (e.g., `I\hbox'). Otherwise just continue,
and I'll forget about whatever was undefined.

Missing character: There is no ( in font nullfont!
Missing character: There is no R in font nullfont!
Missing character: There is no A in font nullfont!
Missing character: There is no p in font nullfont!
Missing character: There is no p in font nullfont!
Missing character: There is no A in font nullfont!
Missing character: There is no r in font nullfont!
Missing character: There is no m in font nullfont!
Missing character: There is no o in font nullfont!
Missing character: There is no r in font nullfont!
Missing character: There is no ) in font nullfont!

! LaTeX Error: \begin{document} ended by \end{alltt}.

See the LaTeX manual or LaTeX Companion for explanation.
Type  H <return>  for immediate help.
 ...                                              
                                                  
l.6 \end{alltt}
               
Your command was ignored.
Type  I <command> <return>  to replace it with another command,
or  <return>  to continue without it.


Overfull \hbox (20.0pt too wide) in paragraph at lines 3--7
[]
 []


! LaTeX Error: Missing \begin{document}.

See the LaTeX manual or LaTeX Companion for explanation.
Type  H <return>  for immediate help.
 ...                                              
                                                  
l.9 {\ttfamily\noindent
                       \itshape\color{messagecolor}{\#\# AppArmor LSM is ena...

You're in trouble here.  Try typing  <return>  to proceed.
If that doesn't work, type  X <return>  to quit.

! Undefined control sequence.
l.9 {\ttfamily\noindent\itshape\color
                                     {messagecolor}{\#\# AppArmor LSM is ena...
The control sequence at the end of the top line
of your error message was never \def'ed. If you have
misspelled it (e.g., `\hobx'), type `I' and the correct
spelling (e.g., `I\hbox'). Otherwise just continue,
and I'll forget about whatever was undefined.


! LaTeX Error: Environment alltt undefined.

See the LaTeX manual or LaTeX Companion for explanation.
Type  H <return>  for immediate help.
 ...                                              
                                                  
l.9 ...e: /usr/bin/R (enforce mode)}}\begin{alltt}
                                                  
Your command was ignored.
Type  I <command> <return>  to replace it with another command,
or  <return>  to continue without it.

! Undefined control sequence.
l.10 \hlkwd
           {aa_change_profile}\hlstd{(}\hlstr{"r-user"}\hlstd{)}
The control sequence at the end of the top line
of your error message was never \def'ed. If you have
misspelled it (e.g., `\hobx'), type `I' and the correct
spelling (e.g., `I\hbox'). Otherwise just continue,
and I'll forget about whatever was undefined.

Missing character: There is no a in font nullfont!
Missing character: There is no a in font nullfont!
! Missing $ inserted.
<inserted text> 
                $
l.10 \hlkwd{aa_
               change_profile}\hlstd{(}\hlstr{"r-user"}\hlstd{)}
I've inserted a begin-math/end-math symbol since I think
you left one out. Proceed, with fingers crossed.

LaTeX Font Info:    External font `cmex10' loaded for size
(Font)              <7> on input line 10.
LaTeX Font Info:    External font `cmex10' loaded for size
(Font)              <5> on input line 10.
! Extra }, or forgotten $.
l.10 \hlkwd{aa_change_profile}
                              \hlstd{(}\hlstr{"r-user"}\hlstd{)}
I've deleted a group-closing symbol because it seems to be
spurious, as in `$x}$'. But perhaps the } is legitimate and
you forgot something else, as in `\hbox{$x}'. In such cases
the way to recover is to insert both the forgotten and the
deleted material, e.g., by typing `I$}'.

! Undefined control sequence.
l.10 \hlkwd{aa_change_profile}\hlstd
                                    {(}\hlstr{"r-user"}\hlstd{)}
The control sequence at the end of the top line
of your error message was never \def'ed. If you have
misspelled it (e.g., `\hobx'), type `I' and the correct
spelling (e.g., `I\hbox'). Otherwise just continue,
and I'll forget about whatever was undefined.

! Undefined control sequence.
l.10 \hlkwd{aa_change_profile}\hlstd{(}\hlstr
                                             {"r-user"}\hlstd{)}
The control sequence at the end of the top line
of your error message was never \def'ed. If you have
misspelled it (e.g., `\hobx'), type `I' and the correct
spelling (e.g., `I\hbox'). Otherwise just continue,
and I'll forget about whatever was undefined.

! Undefined control sequence.
l.10 ...ge_profile}\hlstd{(}\hlstr{"r-user"}\hlstd
                                                  {)}
The control sequence at the end of the top line
of your error message was never \def'ed. If you have
misspelled it (e.g., `\hobx'), type `I' and the correct
spelling (e.g., `I\hbox'). Otherwise just continue,
and I'll forget about whatever was undefined.


! LaTeX Error: \begin{document} ended by \end{alltt}.

See the LaTeX manual or LaTeX Companion for explanation.
Type  H <return>  for immediate help.
 ...                                              
                                                  
l.11 \end{alltt}
                
Your command was ignored.
Type  I <command> <return>  to replace it with another command,
or  <return>  to continue without it.

! Missing $ inserted.
<inserted text> 
                $
l.11 \end{alltt}
                
I've inserted something that you may have forgotten.
(See the <inserted text> above.)
With luck, this will get me unwedged. But if you
really didn't forget anything, try typing `2' now; then
my insertion and my current dilemma will both disappear.

! Missing } inserted.
<inserted text> 
                }
l.11 \end{alltt}
                
I've inserted something that you may have forgotten.
(See the <inserted text> above.)
With luck, this will get me unwedged. But if you
really didn't forget anything, try typing `2' now; then
my insertion and my current dilemma will both disappear.


Overfull \hbox (73.49936pt too wide) in paragraph at lines 9--12
\OT1/cmtt/m/it/10 messagecolor##
 []


Overfull \hbox (41.99963pt too wide) in paragraph at lines 9--12
\OT1/cmtt/m/it/10 AppArmor
 []


Overfull \hbox (15.74986pt too wide) in paragraph at lines 9--12
\OT1/cmtt/m/it/10 LSM
 []


Overfull \hbox (10.49991pt too wide) in paragraph at lines 9--12
\OT1/cmtt/m/it/10 is
 []


Overfull \hbox (41.99963pt too wide) in paragraph at lines 9--12
\OT1/cmtt/m/it/10 enabled. 
 []


Overfull \hbox (10.49991pt too wide) in paragraph at lines 9--12
\OT1/cmtt/m/it/10 ##
 []


Overfull \hbox (36.74968pt too wide) in paragraph at lines 9--12
\OT1/cmtt/m/it/10 Current
 []


Overfull \hbox (41.99963pt too wide) in paragraph at lines 9--12
\OT1/cmtt/m/it/10 profile:
 []


Overfull \hbox (52.49954pt too wide) in paragraph at lines 9--12
\OT1/cmtt/m/it/10 /usr/bin/R
 []


Overfull \hbox (41.99963pt too wide) in paragraph at lines 9--12
\OT1/cmtt/m/it/10 (enforce
 []


Overfull \hbox (26.24977pt too wide) in paragraph at lines 9--12
\OT1/cmtt/m/it/10 mode)
 []


Overfull \hbox (117.06851pt too wide) in paragraph at lines 9--12
[]\OML/cmm/m/it/10 hange[]rofile[][][]$ 
 []


Overfull \hbox (125.9989pt too wide) in paragraph at lines 15--15
[]\OT1/cmtt/m/n/10 ## Switching profiles...[] 
 []


Overfull \hbox (220.49808pt too wide) in paragraph at lines 15--15
[]\OT1/cmtt/m/n/10 ## Getting task confinement information...[] 
 []

! Undefined control sequence.
l.18 {\ttfamily\noindent\color
                              {warningcolor}{\#\# Warning: The standard prof...
The control sequence at the end of the top line
of your error message was never \def'ed. If you have
misspelled it (e.g., `\hobx'), type `I' and the correct
spelling (e.g., `I\hbox'). Otherwise just continue,
and I'll forget about whatever was undefined.


Overfull \hbox (73.49936pt too wide) in paragraph at lines 18--19
\OT1/cmtt/m/n/10 warningcolor##
 []


Overfull \hbox (41.99963pt too wide) in paragraph at lines 18--19
\OT1/cmtt/m/n/10 Warning:
 []


Overfull \hbox (15.74986pt too wide) in paragraph at lines 18--19
\OT1/cmtt/m/n/10 The
 []


Overfull \hbox (41.99963pt too wide) in paragraph at lines 18--19
\OT1/cmtt/m/n/10 standard
 []


Overfull \hbox (36.74968pt too wide) in paragraph at lines 18--19
\OT1/cmtt/m/n/10 profile
 []


Overfull \hbox (10.49991pt too wide) in paragraph at lines 18--19
\OT1/cmtt/m/n/10 in
 []


Overfull \hbox (47.24959pt too wide) in paragraph at lines 18--19
\OT1/cmtt/m/n/10 usr.bin.r
 []


Overfull \hbox (10.49991pt too wide) in paragraph at lines 18--19
\OT1/cmtt/m/n/10 is
 []


Overfull \hbox (36.74968pt too wide) in paragraph at lines 18--19
\OT1/cmtt/m/n/10 already
 []


Overfull \hbox (26.24977pt too wide) in paragraph at lines 18--19
\OT1/cmtt/m/n/10 being
 []


Overfull \hbox (47.24959pt too wide) in paragraph at lines 18--19
\OT1/cmtt/m/n/10 enforced! 
 []


Overfull \hbox (10.49991pt too wide) in paragraph at lines 18--19
\OT1/cmtt/m/n/10 ##
 []


Overfull \hbox (15.74986pt too wide) in paragraph at lines 18--19
\OT1/cmtt/m/n/10 Run
 []


Overfull \hbox (20.99982pt too wide) in paragraph at lines 18--19
\OT1/cmtt/m/n/10 sudo
 []


Overfull \hbox (52.49954pt too wide) in paragraph at lines 18--19
\OT1/cmtt/m/n/10 aa-disable
 []


Overfull \hbox (47.24959pt too wide) in paragraph at lines 18--19
\OT1/cmtt/m/n/10 usr.bin.r
 []


Overfull \hbox (10.49991pt too wide) in paragraph at lines 18--19
\OT1/cmtt/m/n/10 to
 []


Overfull \hbox (36.74968pt too wide) in paragraph at lines 18--19
\OT1/cmtt/m/n/10 disable
 []


Overfull \hbox (26.24977pt too wide) in paragraph at lines 18--19
\OT1/cmtt/m/n/10 this. 
 []

LaTeX Font Info:    Font shape `OT1/cmtt/bx/n' in size <10> not available
(Font)              Font shape `OT1/cmtt/m/n' tried instead on input line 20.
! Undefined control sequence.
l.20 {\ttfamily\noindent\bfseries\color
                                       {errorcolor}{\#\# Error: Failed to ch...
The control sequence at the end of the top line
of your error message was never \def'ed. If you have
misspelled it (e.g., `\hobx'), type `I' and the correct
spelling (e.g., `I\hbox'). Otherwise just continue,
and I'll forget about whatever was undefined.


! LaTeX Error: \begin{document} ended by \end{kframe}.

See the LaTeX manual or LaTeX Companion for explanation.
Type  H <return>  for immediate help.
 ...                                              
                                                  
l.20 ...from: /usr/bin/R to: r-user.}}\end{kframe}
                                                  
Your command was ignored.
Type  I <command> <return>  to replace it with another command,
or  <return>  to continue without it.


! LaTeX Error: \begin{document} ended by \end{knitrout}.

See the LaTeX manual or LaTeX Companion for explanation.
Type  H <return>  for immediate help.
 ...                                              
                                                  
l.21 \end{knitrout}
                   
Your command was ignored.
Type  I <command> <return>  to replace it with another command,
or  <return>  to continue without it.


Overfull \hbox (62.99945pt too wide) in paragraph at lines 20--22
\OT1/cmtt/m/n/10 errorcolor##
 []


Overfull \hbox (31.49973pt too wide) in paragraph at lines 20--22
\OT1/cmtt/m/n/10 Error:
 []


Overfull \hbox (31.49973pt too wide) in paragraph at lines 20--22
\OT1/cmtt/m/n/10 Failed
 []


Overfull \hbox (10.49991pt too wide) in paragraph at lines 20--22
\OT1/cmtt/m/n/10 to
 []


Overfull \hbox (31.49973pt too wide) in paragraph at lines 20--22
\OT1/cmtt/m/n/10 change
 []


Overfull \hbox (36.74968pt too wide) in paragraph at lines 20--22
\OT1/cmtt/m/n/10 profile
 []


Overfull \hbox (26.24977pt too wide) in paragraph at lines 20--22
\OT1/cmtt/m/n/10 from:
 []


Overfull \hbox (52.49954pt too wide) in paragraph at lines 20--22
\OT1/cmtt/m/n/10 /usr/bin/R
 []


Overfull \hbox (15.74986pt too wide) in paragraph at lines 20--22
\OT1/cmtt/m/n/10 to:
 []


Overfull \hbox (36.74968pt too wide) in paragraph at lines 20--22
\OT1/cmtt/m/n/10 r-user.
 []

)
! Emergency stop.
<*> chunk6.tex
              
*** (job aborted, no legal \end found)

 
Here is how much of TeX's memory you used:
 19 strings out of 495031
 268 string characters out of 6181531
 46720 words of memory out of 5000000
 3324 multiletter control sequences out of 15000+600000
 3976 words of font info for 16 fonts, out of 8000000 for 9000
 14 hyphenation exceptions out of 8191
 18i,2n,12p,202b,165s stack positions out of 5000i,500n,10000p,200000b,80000s
!  ==> Fatal error occurred, no output PDF file produced!
